<?xml version="1.0" encoding="UTF-8"?>
<coverage generated="1701967107388" clover="3.2.0">
  <project timestamp="1701967107388" name="All files">
    <metrics statements="93" coveredstatements="72" conditionals="109" coveredconditionals="76" methods="20" coveredmethods="16" elements="222" coveredelements="164" complexity="0" loc="93" ncloc="93" packages="1" files="18" classes="18"/>
    <file name="add.js" path="D:\SWC\Software Testing\Library\COMP.SE.200-2023-2024-1-main\COMP.SE.200-2023-2024-1-main\src\add.js">
      <metrics statements="1" coveredstatements="1" conditionals="0" coveredconditionals="0" methods="1" coveredmethods="1"/>
      <line num="16" count="8" type="stmt"/>
    </file>
    <file name="compact.js" path="D:\SWC\Software Testing\Library\COMP.SE.200-2023-2024-1-main\COMP.SE.200-2023-2024-1-main\src\compact.js">
      <metrics statements="6" coveredstatements="5" conditionals="2" coveredconditionals="1" methods="1" coveredmethods="1"/>
      <line num="15" count="2" type="stmt"/>
      <line num="16" count="2" type="stmt"/>
      <line num="18" count="2" type="stmt"/>
      <line num="19" count="6" type="cond" truecount="1" falsecount="1"/>
      <line num="20" count="0" type="stmt"/>
      <line num="23" count="2" type="stmt"/>
    </file>
    <file name="eq.js" path="D:\SWC\Software Testing\Library\COMP.SE.200-2023-2024-1-main\COMP.SE.200-2023-2024-1-main\src\eq.js">
      <metrics statements="1" coveredstatements="1" conditionals="3" coveredconditionals="3" methods="1" coveredmethods="1"/>
      <line num="32" count="12" type="cond" truecount="3" falsecount="0"/>
    </file>
    <file name="filter.js" path="D:\SWC\Software Testing\Library\COMP.SE.200-2023-2024-1-main\COMP.SE.200-2023-2024-1-main\src\filter.js">
      <metrics statements="9" coveredstatements="9" conditionals="4" coveredconditionals="3" methods="1" coveredmethods="1"/>
      <line num="25" count="5" type="stmt"/>
      <line num="26" count="5" type="stmt"/>
      <line num="27" count="5" type="cond" truecount="1" falsecount="1"/>
      <line num="28" count="5" type="stmt"/>
      <line num="30" count="5" type="stmt"/>
      <line num="31" count="10015" type="stmt"/>
      <line num="32" count="10015" type="cond" truecount="2" falsecount="0"/>
      <line num="33" count="8" type="stmt"/>
      <line num="36" count="5" type="stmt"/>
    </file>
    <file name="isArguments.js" path="D:\SWC\Software Testing\Library\COMP.SE.200-2023-2024-1-main\COMP.SE.200-2023-2024-1-main\src\isArguments.js">
      <metrics statements="1" coveredstatements="1" conditionals="2" coveredconditionals="2" methods="1" coveredmethods="1"/>
      <line num="20" count="2" type="cond" truecount="2" falsecount="0"/>
    </file>
    <file name="isArrayLike.js" path="D:\SWC\Software Testing\Library\COMP.SE.200-2023-2024-1-main\COMP.SE.200-2023-2024-1-main\src\isArrayLike.js">
      <metrics statements="1" coveredstatements="1" conditionals="3" coveredconditionals="3" methods="1" coveredmethods="1"/>
      <line num="27" count="18" type="cond" truecount="3" falsecount="0"/>
    </file>
    <file name="isBoolean.js" path="D:\SWC\Software Testing\Library\COMP.SE.200-2023-2024-1-main\COMP.SE.200-2023-2024-1-main\src\isBoolean.js">
      <metrics statements="1" coveredstatements="1" conditionals="4" coveredconditionals="4" methods="1" coveredmethods="1"/>
      <line num="20" count="23" type="cond" truecount="4" falsecount="0"/>
    </file>
    <file name="isBuffer.js" path="D:\SWC\Software Testing\Library\COMP.SE.200-2023-2024-1-main\COMP.SE.200-2023-2024-1-main\src\isBuffer.js">
      <metrics statements="6" coveredstatements="6" conditionals="17" coveredconditionals="14" methods="1" coveredmethods="0"/>
      <line num="4" count="1" type="cond" truecount="4" falsecount="0"/>
      <line num="7" count="1" type="cond" truecount="5" falsecount="0"/>
      <line num="10" count="1" type="cond" truecount="2" falsecount="0"/>
      <line num="13" count="1" type="cond" truecount="1" falsecount="1"/>
      <line num="16" count="1" type="cond" truecount="1" falsecount="1"/>
      <line num="33" count="1" type="cond" truecount="1" falsecount="1"/>
    </file>
    <file name="isEmpty.js" path="D:\SWC\Software Testing\Library\COMP.SE.200-2023-2024-1-main\COMP.SE.200-2023-2024-1-main\src\isEmpty.js">
      <metrics statements="14" coveredstatements="13" conditionals="19" coveredconditionals="17" methods="1" coveredmethods="1"/>
      <line num="9" count="1" type="stmt"/>
      <line num="46" count="20" type="cond" truecount="2" falsecount="0"/>
      <line num="47" count="2" type="stmt"/>
      <line num="49" count="18" type="cond" truecount="9" falsecount="0"/>
      <line num="52" count="7" type="stmt"/>
      <line num="54" count="11" type="stmt"/>
      <line num="55" count="11" type="cond" truecount="4" falsecount="0"/>
      <line num="56" count="4" type="stmt"/>
      <line num="58" count="7" type="cond" truecount="1" falsecount="1"/>
      <line num="59" count="0" type="stmt"/>
      <line num="61" count="7" type="stmt"/>
      <line num="62" count="1" type="cond" truecount="1" falsecount="1"/>
      <line num="63" count="1" type="stmt"/>
      <line num="66" count="6" type="stmt"/>
    </file>
    <file name="isLength.js" path="D:\SWC\Software Testing\Library\COMP.SE.200-2023-2024-1-main\COMP.SE.200-2023-2024-1-main\src\isLength.js">
      <metrics statements="2" coveredstatements="2" conditionals="4" coveredconditionals="4" methods="1" coveredmethods="1"/>
      <line num="2" count="1" type="stmt"/>
      <line num="29" count="17" type="cond" truecount="4" falsecount="0"/>
    </file>
    <file name="isObjectLike.js" path="D:\SWC\Software Testing\Library\COMP.SE.200-2023-2024-1-main\COMP.SE.200-2023-2024-1-main\src\isObjectLike.js">
      <metrics statements="1" coveredstatements="1" conditionals="2" coveredconditionals="2" methods="1" coveredmethods="1"/>
      <line num="24" count="23" type="cond" truecount="2" falsecount="0"/>
    </file>
    <file name="isSymbol.js" path="D:\SWC\Software Testing\Library\COMP.SE.200-2023-2024-1-main\COMP.SE.200-2023-2024-1-main\src\isSymbol.js">
      <metrics statements="2" coveredstatements="0" conditionals="4" coveredconditionals="0" methods="1" coveredmethods="0"/>
      <line num="19" count="0" type="stmt"/>
      <line num="20" count="0" type="cond" truecount="0" falsecount="4"/>
    </file>
    <file name="isTypedArray.js" path="D:\SWC\Software Testing\Library\COMP.SE.200-2023-2024-1-main\COMP.SE.200-2023-2024-1-main\src\isTypedArray.js">
      <metrics statements="5" coveredstatements="4" conditionals="6" coveredconditionals="3" methods="2" coveredmethods="1"/>
      <line num="6" count="1" type="stmt"/>
      <line num="9" count="1" type="cond" truecount="2" falsecount="0"/>
      <line num="26" count="1" type="cond" truecount="1" falsecount="1"/>
      <line num="27" count="2" type="stmt"/>
      <line num="28" count="0" type="cond" truecount="0" falsecount="2"/>
    </file>
    <file name="map.js" path="D:\SWC\Software Testing\Library\COMP.SE.200-2023-2024-1-main\COMP.SE.200-2023-2024-1-main\src\map.js">
      <metrics statements="6" coveredstatements="6" conditionals="2" coveredconditionals="2" methods="1" coveredmethods="1"/>
      <line num="20" count="8" type="stmt"/>
      <line num="21" count="8" type="cond" truecount="2" falsecount="0"/>
      <line num="22" count="8" type="stmt"/>
      <line num="24" count="8" type="stmt"/>
      <line num="25" count="11" type="stmt"/>
      <line num="27" count="8" type="stmt"/>
    </file>
    <file name="memoize.js" path="D:\SWC\Software Testing\Library\COMP.SE.200-2023-2024-1-main\COMP.SE.200-2023-2024-1-main\src\memoize.js">
      <metrics statements="13" coveredstatements="13" conditionals="13" coveredconditionals="11" methods="2" coveredmethods="2"/>
      <line num="44" count="7" type="cond" truecount="5" falsecount="0"/>
      <line num="45" count="2" type="stmt"/>
      <line num="47" count="5" type="stmt"/>
      <line num="48" count="7" type="cond" truecount="2" falsecount="0"/>
      <line num="49" count="7" type="stmt"/>
      <line num="51" count="7" type="cond" truecount="2" falsecount="0"/>
      <line num="52" count="2" type="stmt"/>
      <line num="54" count="5" type="stmt"/>
      <line num="55" count="5" type="cond" truecount="1" falsecount="1"/>
      <line num="56" count="5" type="stmt"/>
      <line num="58" count="5" type="cond" truecount="1" falsecount="1"/>
      <line num="59" count="5" type="stmt"/>
      <line num="62" count="1" type="stmt"/>
    </file>
    <file name="slice.js" path="D:\SWC\Software Testing\Library\COMP.SE.200-2023-2024-1-main\COMP.SE.200-2023-2024-1-main\src\slice.js">
      <metrics statements="16" coveredstatements="0" conditionals="16" coveredconditionals="0" methods="1" coveredmethods="0"/>
      <line num="22" count="0" type="cond" truecount="0" falsecount="2"/>
      <line num="23" count="0" type="cond" truecount="0" falsecount="2"/>
      <line num="24" count="0" type="stmt"/>
      <line num="26" count="0" type="cond" truecount="0" falsecount="2"/>
      <line num="27" count="0" type="cond" truecount="0" falsecount="2"/>
      <line num="29" count="0" type="cond" truecount="0" falsecount="2"/>
      <line num="30" count="0" type="cond" truecount="0" falsecount="2"/>
      <line num="32" count="0" type="cond" truecount="0" falsecount="2"/>
      <line num="33" count="0" type="stmt"/>
      <line num="35" count="0" type="cond" truecount="0" falsecount="2"/>
      <line num="36" count="0" type="stmt"/>
      <line num="38" count="0" type="stmt"/>
      <line num="39" count="0" type="stmt"/>
      <line num="40" count="0" type="stmt"/>
      <line num="41" count="0" type="stmt"/>
      <line num="43" count="0" type="stmt"/>
    </file>
    <file name="upperFirst.js" path="D:\SWC\Software Testing\Library\COMP.SE.200-2023-2024-1-main\COMP.SE.200-2023-2024-1-main\src\upperFirst.js">
      <metrics statements="1" coveredstatements="1" conditionals="0" coveredconditionals="0" methods="0" coveredmethods="0"/>
      <line num="19" count="1" type="stmt"/>
    </file>
    <file name="words.js" path="D:\SWC\Software Testing\Library\COMP.SE.200-2023-2024-1-main\COMP.SE.200-2023-2024-1-main\src\words.js">
      <metrics statements="7" coveredstatements="7" conditionals="8" coveredconditionals="7" methods="2" coveredmethods="2"/>
      <line num="3" count="1" type="stmt"/>
      <line num="8" count="1" type="stmt"/>
      <line num="11" count="2" type="stmt"/>
      <line num="31" count="6" type="cond" truecount="2" falsecount="0"/>
      <line num="32" count="5" type="cond" truecount="2" falsecount="0"/>
      <line num="33" count="5" type="cond" truecount="2" falsecount="0"/>
      <line num="35" count="1" type="cond" truecount="1" falsecount="1"/>
    </file>
  </project>
</coverage>
