{"D:\\SWC\\Software Testing\\Library\\COMP.SE.200-2023-2024-1-main\\COMP.SE.200-2023-2024-1-main\\src\\add.js": {"path":"D:\\SWC\\Software Testing\\Library\\COMP.SE.200-2023-2024-1-main\\COMP.SE.200-2023-2024-1-main\\src\\add.js","statementMap":{"0":{"start":{"line":16,"column":12},"end":{"line":16,"column":71}},"1":{"start":{"line":16,"column":52},"end":{"line":16,"column":67}}},"fnMap":{"0":{"name":"(anonymous_0)","decl":{"start":{"line":16,"column":32},"end":{"line":16,"column":33}},"loc":{"start":{"line":16,"column":52},"end":{"line":16,"column":67}},"line":16}},"branchMap":{},"s":{"0":1,"1":8},"f":{"0":8},"b":{},"_coverageSchema":"1a1c01bbd47fc00a2c39e90264f33305004495a9","hash":"56b17b0a4215cfc4ecfda55f4969aa32557af666"}
,"D:\\SWC\\Software Testing\\Library\\COMP.SE.200-2023-2024-1-main\\COMP.SE.200-2023-2024-1-main\\src\\compact.js": {"path":"D:\\SWC\\Software Testing\\Library\\COMP.SE.200-2023-2024-1-main\\COMP.SE.200-2023-2024-1-main\\src\\compact.js","statementMap":{"0":{"start":{"line":15,"column":17},"end":{"line":15,"column":19}},"1":{"start":{"line":16,"column":17},"end":{"line":16,"column":19}},"2":{"start":{"line":18,"column":2},"end":{"line":22,"column":3}},"3":{"start":{"line":19,"column":4},"end":{"line":21,"column":5}},"4":{"start":{"line":20,"column":6},"end":{"line":20,"column":32}},"5":{"start":{"line":23,"column":2},"end":{"line":23,"column":15}}},"fnMap":{"0":{"name":"compact","decl":{"start":{"line":14,"column":9},"end":{"line":14,"column":16}},"loc":{"start":{"line":14,"column":24},"end":{"line":24,"column":1}},"line":14}},"branchMap":{"0":{"loc":{"start":{"line":19,"column":4},"end":{"line":21,"column":5}},"type":"if","locations":[{"start":{"line":19,"column":4},"end":{"line":21,"column":5}},{"start":{},"end":{}}],"line":19}},"s":{"0":2,"1":2,"2":2,"3":6,"4":0,"5":2},"f":{"0":2},"b":{"0":[0,6]},"_coverageSchema":"1a1c01bbd47fc00a2c39e90264f33305004495a9","hash":"1c04943fcfa15fe578aa73ecba7f0b717a82b046"}
,"D:\\SWC\\Software Testing\\Library\\COMP.SE.200-2023-2024-1-main\\COMP.SE.200-2023-2024-1-main\\src\\eq.js": {"path":"D:\\SWC\\Software Testing\\Library\\COMP.SE.200-2023-2024-1-main\\COMP.SE.200-2023-2024-1-main\\src\\eq.js","statementMap":{"0":{"start":{"line":32,"column":2},"end":{"line":32,"column":63}}},"fnMap":{"0":{"name":"eq","decl":{"start":{"line":31,"column":9},"end":{"line":31,"column":11}},"loc":{"start":{"line":31,"column":26},"end":{"line":33,"column":1}},"line":31}},"branchMap":{"0":{"loc":{"start":{"line":32,"column":9},"end":{"line":32,"column":63}},"type":"binary-expr","locations":[{"start":{"line":32,"column":9},"end":{"line":32,"column":23}},{"start":{"line":32,"column":28},"end":{"line":32,"column":43}},{"start":{"line":32,"column":47},"end":{"line":32,"column":62}}],"line":32}},"s":{"0":12},"f":{"0":12},"b":{"0":[12,5,1]},"_coverageSchema":"1a1c01bbd47fc00a2c39e90264f33305004495a9","hash":"ca7e6a3c33afd4fb2999f9607a57c12eb1b53aec"}
,"D:\\SWC\\Software Testing\\Library\\COMP.SE.200-2023-2024-1-main\\COMP.SE.200-2023-2024-1-main\\src\\filter.js": {"path":"D:\\SWC\\Software Testing\\Library\\COMP.SE.200-2023-2024-1-main\\COMP.SE.200-2023-2024-1-main\\src\\filter.js","statementMap":{"0":{"start":{"line":25,"column":14},"end":{"line":25,"column":16}},"1":{"start":{"line":26,"column":17},"end":{"line":26,"column":18}},"2":{"start":{"line":27,"column":17},"end":{"line":27,"column":49}},"3":{"start":{"line":28,"column":17},"end":{"line":28,"column":21}},"4":{"start":{"line":30,"column":2},"end":{"line":35,"column":3}},"5":{"start":{"line":31,"column":18},"end":{"line":31,"column":30}},"6":{"start":{"line":32,"column":4},"end":{"line":34,"column":5}},"7":{"start":{"line":33,"column":6},"end":{"line":33,"column":32}},"8":{"start":{"line":36,"column":2},"end":{"line":36,"column":15}}},"fnMap":{"0":{"name":"filter","decl":{"start":{"line":24,"column":9},"end":{"line":24,"column":15}},"loc":{"start":{"line":24,"column":34},"end":{"line":37,"column":1}},"line":24}},"branchMap":{"0":{"loc":{"start":{"line":27,"column":17},"end":{"line":27,"column":49}},"type":"cond-expr","locations":[{"start":{"line":27,"column":33},"end":{"line":27,"column":34}},{"start":{"line":27,"column":37},"end":{"line":27,"column":49}}],"line":27},"1":{"loc":{"start":{"line":32,"column":4},"end":{"line":34,"column":5}},"type":"if","locations":[{"start":{"line":32,"column":4},"end":{"line":34,"column":5}},{"start":{},"end":{}}],"line":32}},"s":{"0":5,"1":5,"2":5,"3":5,"4":5,"5":10015,"6":10015,"7":8,"8":5},"f":{"0":5},"b":{"0":[0,5],"1":[8,10007]},"_coverageSchema":"1a1c01bbd47fc00a2c39e90264f33305004495a9","hash":"5087b1abcc60da90a25fc533354582f8f561f23a"}
,"D:\\SWC\\Software Testing\\Library\\COMP.SE.200-2023-2024-1-main\\COMP.SE.200-2023-2024-1-main\\src\\isArguments.js": {"path":"D:\\SWC\\Software Testing\\Library\\COMP.SE.200-2023-2024-1-main\\COMP.SE.200-2023-2024-1-main\\src\\isArguments.js","statementMap":{"0":{"start":{"line":20,"column":2},"end":{"line":20,"column":69}}},"fnMap":{"0":{"name":"isArguments","decl":{"start":{"line":19,"column":9},"end":{"line":19,"column":20}},"loc":{"start":{"line":19,"column":28},"end":{"line":21,"column":1}},"line":19}},"branchMap":{"0":{"loc":{"start":{"line":20,"column":9},"end":{"line":20,"column":69}},"type":"binary-expr","locations":[{"start":{"line":20,"column":9},"end":{"line":20,"column":28}},{"start":{"line":20,"column":32},"end":{"line":20,"column":69}}],"line":20}},"s":{"0":2},"f":{"0":2},"b":{"0":[2,2]},"_coverageSchema":"1a1c01bbd47fc00a2c39e90264f33305004495a9","hash":"60fa68dd497950fde4136aa6464982d77a6b62f8"}
,"D:\\SWC\\Software Testing\\Library\\COMP.SE.200-2023-2024-1-main\\COMP.SE.200-2023-2024-1-main\\src\\isArrayLike.js": {"path":"D:\\SWC\\Software Testing\\Library\\COMP.SE.200-2023-2024-1-main\\COMP.SE.200-2023-2024-1-main\\src\\isArrayLike.js","statementMap":{"0":{"start":{"line":27,"column":2},"end":{"line":27,"column":79}}},"fnMap":{"0":{"name":"isArrayLike","decl":{"start":{"line":26,"column":9},"end":{"line":26,"column":20}},"loc":{"start":{"line":26,"column":28},"end":{"line":28,"column":1}},"line":26}},"branchMap":{"0":{"loc":{"start":{"line":27,"column":9},"end":{"line":27,"column":79}},"type":"binary-expr","locations":[{"start":{"line":27,"column":9},"end":{"line":27,"column":22}},{"start":{"line":27,"column":26},"end":{"line":27,"column":53}},{"start":{"line":27,"column":57},"end":{"line":27,"column":79}}],"line":27}},"s":{"0":18},"f":{"0":18},"b":{"0":[18,18,17]},"_coverageSchema":"1a1c01bbd47fc00a2c39e90264f33305004495a9","hash":"e712601bf4c1c53d8f34f2ad4f2a13885d41647a"}
,"D:\\SWC\\Software Testing\\Library\\COMP.SE.200-2023-2024-1-main\\COMP.SE.200-2023-2024-1-main\\src\\isBoolean.js": {"path":"D:\\SWC\\Software Testing\\Library\\COMP.SE.200-2023-2024-1-main\\COMP.SE.200-2023-2024-1-main\\src\\isBoolean.js","statementMap":{"0":{"start":{"line":20,"column":2},"end":{"line":21,"column":64}}},"fnMap":{"0":{"name":"isBoolean","decl":{"start":{"line":19,"column":9},"end":{"line":19,"column":18}},"loc":{"start":{"line":19,"column":26},"end":{"line":22,"column":1}},"line":19}},"branchMap":{"0":{"loc":{"start":{"line":20,"column":9},"end":{"line":21,"column":64}},"type":"binary-expr","locations":[{"start":{"line":20,"column":9},"end":{"line":20,"column":23}},{"start":{"line":20,"column":27},"end":{"line":20,"column":42}},{"start":{"line":21,"column":5},"end":{"line":21,"column":24}},{"start":{"line":21,"column":28},"end":{"line":21,"column":63}}],"line":20}},"s":{"0":23},"f":{"0":23},"b":{"0":[23,22,21,6]},"_coverageSchema":"1a1c01bbd47fc00a2c39e90264f33305004495a9","hash":"0aef17396648ff8d5967778dc18f14bc6b8c001a"}
,"D:\\SWC\\Software Testing\\Library\\COMP.SE.200-2023-2024-1-main\\COMP.SE.200-2023-2024-1-main\\src\\isBuffer.js": {"path":"D:\\SWC\\Software Testing\\Library\\COMP.SE.200-2023-2024-1-main\\COMP.SE.200-2023-2024-1-main\\src\\isBuffer.js","statementMap":{"0":{"start":{"line":4,"column":20},"end":{"line":4,"column":99}},"1":{"start":{"line":7,"column":19},"end":{"line":7,"column":109}},"2":{"start":{"line":10,"column":22},"end":{"line":10,"column":70}},"3":{"start":{"line":13,"column":15},"end":{"line":13,"column":54}},"4":{"start":{"line":16,"column":23},"end":{"line":16,"column":59}},"5":{"start":{"line":33,"column":17},"end":{"line":33,"column":48}},"6":{"start":{"line":33,"column":42},"end":{"line":33,"column":47}}},"fnMap":{"0":{"name":"(anonymous_0)","decl":{"start":{"line":33,"column":36},"end":{"line":33,"column":37}},"loc":{"start":{"line":33,"column":42},"end":{"line":33,"column":47}},"line":33}},"branchMap":{"0":{"loc":{"start":{"line":4,"column":20},"end":{"line":4,"column":99}},"type":"binary-expr","locations":[{"start":{"line":4,"column":20},"end":{"line":4,"column":47}},{"start":{"line":4,"column":51},"end":{"line":4,"column":67}},{"start":{"line":4,"column":71},"end":{"line":4,"column":88}},{"start":{"line":4,"column":92},"end":{"line":4,"column":99}}],"line":4},"1":{"loc":{"start":{"line":7,"column":19},"end":{"line":7,"column":109}},"type":"binary-expr","locations":[{"start":{"line":7,"column":19},"end":{"line":7,"column":30}},{"start":{"line":7,"column":34},"end":{"line":7,"column":60}},{"start":{"line":7,"column":64},"end":{"line":7,"column":79}},{"start":{"line":7,"column":83},"end":{"line":7,"column":99}},{"start":{"line":7,"column":103},"end":{"line":7,"column":109}}],"line":7},"2":{"loc":{"start":{"line":10,"column":22},"end":{"line":10,"column":70}},"type":"binary-expr","locations":[{"start":{"line":10,"column":22},"end":{"line":10,"column":32}},{"start":{"line":10,"column":36},"end":{"line":10,"column":70}}],"line":10},"3":{"loc":{"start":{"line":13,"column":15},"end":{"line":13,"column":54}},"type":"cond-expr","locations":[{"start":{"line":13,"column":31},"end":{"line":13,"column":42}},{"start":{"line":13,"column":45},"end":{"line":13,"column":54}}],"line":13},"4":{"loc":{"start":{"line":16,"column":23},"end":{"line":16,"column":59}},"type":"cond-expr","locations":[{"start":{"line":16,"column":32},"end":{"line":16,"column":47}},{"start":{"line":16,"column":50},"end":{"line":16,"column":59}}],"line":16},"5":{"loc":{"start":{"line":33,"column":17},"end":{"line":33,"column":48}},"type":"binary-expr","locations":[{"start":{"line":33,"column":17},"end":{"line":33,"column":31}},{"start":{"line":33,"column":36},"end":{"line":33,"column":47}}],"line":33}},"s":{"0":1,"1":1,"2":1,"3":1,"4":1,"5":1,"6":0},"f":{"0":0},"b":{"0":[1,1,1,1],"1":[1,1,1,1,1],"2":[1,1],"3":[1,0],"4":[1,0],"5":[1,0]},"_coverageSchema":"1a1c01bbd47fc00a2c39e90264f33305004495a9","hash":"f3a209cc631e6435d8f9d54c10bd73095746adab"}
,"D:\\SWC\\Software Testing\\Library\\COMP.SE.200-2023-2024-1-main\\COMP.SE.200-2023-2024-1-main\\src\\isEmpty.js": {"path":"D:\\SWC\\Software Testing\\Library\\COMP.SE.200-2023-2024-1-main\\COMP.SE.200-2023-2024-1-main\\src\\isEmpty.js","statementMap":{"0":{"start":{"line":9,"column":23},"end":{"line":9,"column":54}},"1":{"start":{"line":46,"column":2},"end":{"line":48,"column":3}},"2":{"start":{"line":47,"column":4},"end":{"line":47,"column":15}},"3":{"start":{"line":49,"column":2},"end":{"line":53,"column":3}},"4":{"start":{"line":52,"column":4},"end":{"line":52,"column":24}},"5":{"start":{"line":54,"column":14},"end":{"line":54,"column":27}},"6":{"start":{"line":55,"column":2},"end":{"line":57,"column":3}},"7":{"start":{"line":56,"column":4},"end":{"line":56,"column":22}},"8":{"start":{"line":58,"column":2},"end":{"line":60,"column":3}},"9":{"start":{"line":59,"column":4},"end":{"line":59,"column":37}},"10":{"start":{"line":61,"column":2},"end":{"line":65,"column":3}},"11":{"start":{"line":62,"column":4},"end":{"line":64,"column":5}},"12":{"start":{"line":63,"column":6},"end":{"line":63,"column":18}},"13":{"start":{"line":66,"column":2},"end":{"line":66,"column":13}}},"fnMap":{"0":{"name":"isEmpty","decl":{"start":{"line":45,"column":9},"end":{"line":45,"column":16}},"loc":{"start":{"line":45,"column":24},"end":{"line":67,"column":1}},"line":45}},"branchMap":{"0":{"loc":{"start":{"line":46,"column":2},"end":{"line":48,"column":3}},"type":"if","locations":[{"start":{"line":46,"column":2},"end":{"line":48,"column":3}},{"start":{},"end":{}}],"line":46},"1":{"loc":{"start":{"line":49,"column":2},"end":{"line":53,"column":3}},"type":"if","locations":[{"start":{"line":49,"column":2},"end":{"line":53,"column":3}},{"start":{},"end":{}}],"line":49},"2":{"loc":{"start":{"line":49,"column":6},"end":{"line":51,"column":69}},"type":"binary-expr","locations":[{"start":{"line":49,"column":6},"end":{"line":49,"column":24}},{"start":{"line":50,"column":7},"end":{"line":50,"column":27}},{"start":{"line":50,"column":31},"end":{"line":50,"column":56}},{"start":{"line":50,"column":60},"end":{"line":50,"column":94}},{"start":{"line":51,"column":8},"end":{"line":51,"column":23}},{"start":{"line":51,"column":27},"end":{"line":51,"column":46}},{"start":{"line":51,"column":50},"end":{"line":51,"column":68}}],"line":49},"3":{"loc":{"start":{"line":55,"column":2},"end":{"line":57,"column":3}},"type":"if","locations":[{"start":{"line":55,"column":2},"end":{"line":57,"column":3}},{"start":{},"end":{}}],"line":55},"4":{"loc":{"start":{"line":55,"column":6},"end":{"line":55,"column":52}},"type":"binary-expr","locations":[{"start":{"line":55,"column":6},"end":{"line":55,"column":27}},{"start":{"line":55,"column":31},"end":{"line":55,"column":52}}],"line":55},"5":{"loc":{"start":{"line":58,"column":2},"end":{"line":60,"column":3}},"type":"if","locations":[{"start":{"line":58,"column":2},"end":{"line":60,"column":3}},{"start":{},"end":{}}],"line":58},"6":{"loc":{"start":{"line":62,"column":4},"end":{"line":64,"column":5}},"type":"if","locations":[{"start":{"line":62,"column":4},"end":{"line":64,"column":5}},{"start":{},"end":{}}],"line":62}},"s":{"0":1,"1":20,"2":2,"3":18,"4":7,"5":11,"6":11,"7":4,"8":7,"9":0,"10":7,"11":1,"12":1,"13":6},"f":{"0":20},"b":{"0":[2,18],"1":[7,11],"2":[18,7,5,2,2,2,2],"3":[4,7],"4":[11,9],"5":[0,7],"6":[1,0]},"_coverageSchema":"1a1c01bbd47fc00a2c39e90264f33305004495a9","hash":"e5ddb847008a0e90b5620cdaf77db1c89a77df9b"}
,"D:\\SWC\\Software Testing\\Library\\COMP.SE.200-2023-2024-1-main\\COMP.SE.200-2023-2024-1-main\\src\\isLength.js": {"path":"D:\\SWC\\Software Testing\\Library\\COMP.SE.200-2023-2024-1-main\\COMP.SE.200-2023-2024-1-main\\src\\isLength.js","statementMap":{"0":{"start":{"line":2,"column":25},"end":{"line":2,"column":41}},"1":{"start":{"line":29,"column":2},"end":{"line":30,"column":61}}},"fnMap":{"0":{"name":"isLength","decl":{"start":{"line":28,"column":9},"end":{"line":28,"column":17}},"loc":{"start":{"line":28,"column":25},"end":{"line":31,"column":1}},"line":28}},"branchMap":{"0":{"loc":{"start":{"line":29,"column":9},"end":{"line":30,"column":61}},"type":"binary-expr","locations":[{"start":{"line":29,"column":9},"end":{"line":29,"column":34}},{"start":{"line":30,"column":4},"end":{"line":30,"column":14}},{"start":{"line":30,"column":18},"end":{"line":30,"column":32}},{"start":{"line":30,"column":36},"end":{"line":30,"column":61}}],"line":29}},"s":{"0":1,"1":17},"f":{"0":17},"b":{"0":[17,7,7,7]},"_coverageSchema":"1a1c01bbd47fc00a2c39e90264f33305004495a9","hash":"894f90b3626b6d0e47cf5d972c34ff68a1fab6f2"}
,"D:\\SWC\\Software Testing\\Library\\COMP.SE.200-2023-2024-1-main\\COMP.SE.200-2023-2024-1-main\\src\\isObjectLike.js": {"path":"D:\\SWC\\Software Testing\\Library\\COMP.SE.200-2023-2024-1-main\\COMP.SE.200-2023-2024-1-main\\src\\isObjectLike.js","statementMap":{"0":{"start":{"line":24,"column":2},"end":{"line":24,"column":52}}},"fnMap":{"0":{"name":"isObjectLike","decl":{"start":{"line":23,"column":9},"end":{"line":23,"column":21}},"loc":{"start":{"line":23,"column":29},"end":{"line":25,"column":1}},"line":23}},"branchMap":{"0":{"loc":{"start":{"line":24,"column":9},"end":{"line":24,"column":52}},"type":"binary-expr","locations":[{"start":{"line":24,"column":9},"end":{"line":24,"column":34}},{"start":{"line":24,"column":38},"end":{"line":24,"column":52}}],"line":24}},"s":{"0":23},"f":{"0":23},"b":{"0":[23,10]},"_coverageSchema":"1a1c01bbd47fc00a2c39e90264f33305004495a9","hash":"ea56fcc8391a4e3dfeff5d724c16fac52bce58f4"}
,"D:\\SWC\\Software Testing\\Library\\COMP.SE.200-2023-2024-1-main\\COMP.SE.200-2023-2024-1-main\\src\\isSymbol.js": {"path":"D:\\SWC\\Software Testing\\Library\\COMP.SE.200-2023-2024-1-main\\COMP.SE.200-2023-2024-1-main\\src\\isSymbol.js","statementMap":{"0":{"start":{"line":19,"column":15},"end":{"line":19,"column":27}},"1":{"start":{"line":20,"column":2},"end":{"line":20,"column":103}}},"fnMap":{"0":{"name":"isSymbol","decl":{"start":{"line":18,"column":9},"end":{"line":18,"column":17}},"loc":{"start":{"line":18,"column":25},"end":{"line":21,"column":1}},"line":18}},"branchMap":{"0":{"loc":{"start":{"line":20,"column":9},"end":{"line":20,"column":103}},"type":"binary-expr","locations":[{"start":{"line":20,"column":9},"end":{"line":20,"column":25}},{"start":{"line":20,"column":30},"end":{"line":20,"column":47}},{"start":{"line":20,"column":51},"end":{"line":20,"column":64}},{"start":{"line":20,"column":68},"end":{"line":20,"column":102}}],"line":20}},"s":{"0":0,"1":0},"f":{"0":0},"b":{"0":[0,0,0,0]},"_coverageSchema":"1a1c01bbd47fc00a2c39e90264f33305004495a9","hash":"cd8191775376a81ace3e92cba90e8fde04f52767"}
,"D:\\SWC\\Software Testing\\Library\\COMP.SE.200-2023-2024-1-main\\COMP.SE.200-2023-2024-1-main\\src\\isTypedArray.js": {"path":"D:\\SWC\\Software Testing\\Library\\COMP.SE.200-2023-2024-1-main\\COMP.SE.200-2023-2024-1-main\\src\\isTypedArray.js","statementMap":{"0":{"start":{"line":6,"column":19},"end":{"line":6,"column":94}},"1":{"start":{"line":9,"column":25},"end":{"line":9,"column":60}},"2":{"start":{"line":26,"column":21},"end":{"line":28,"column":68}},"3":{"start":{"line":27,"column":15},"end":{"line":27,"column":38}},"4":{"start":{"line":28,"column":15},"end":{"line":28,"column":68}}},"fnMap":{"0":{"name":"(anonymous_0)","decl":{"start":{"line":27,"column":4},"end":{"line":27,"column":5}},"loc":{"start":{"line":27,"column":15},"end":{"line":27,"column":38}},"line":27},"1":{"name":"(anonymous_1)","decl":{"start":{"line":28,"column":4},"end":{"line":28,"column":5}},"loc":{"start":{"line":28,"column":15},"end":{"line":28,"column":68}},"line":28}},"branchMap":{"0":{"loc":{"start":{"line":9,"column":25},"end":{"line":9,"column":60}},"type":"binary-expr","locations":[{"start":{"line":9,"column":25},"end":{"line":9,"column":34}},{"start":{"line":9,"column":38},"end":{"line":9,"column":60}}],"line":9},"1":{"loc":{"start":{"line":26,"column":21},"end":{"line":28,"column":68}},"type":"cond-expr","locations":[{"start":{"line":27,"column":4},"end":{"line":27,"column":38}},{"start":{"line":28,"column":4},"end":{"line":28,"column":68}}],"line":26},"2":{"loc":{"start":{"line":28,"column":15},"end":{"line":28,"column":68}},"type":"binary-expr","locations":[{"start":{"line":28,"column":15},"end":{"line":28,"column":34}},{"start":{"line":28,"column":38},"end":{"line":28,"column":68}}],"line":28}},"s":{"0":1,"1":1,"2":1,"3":2,"4":0},"f":{"0":2,"1":0},"b":{"0":[1,1],"1":[1,0],"2":[0,0]},"_coverageSchema":"1a1c01bbd47fc00a2c39e90264f33305004495a9","hash":"cce18877151d79e8542bf871dd2421cd27487ebb"}
,"D:\\SWC\\Software Testing\\Library\\COMP.SE.200-2023-2024-1-main\\COMP.SE.200-2023-2024-1-main\\src\\map.js": {"path":"D:\\SWC\\Software Testing\\Library\\COMP.SE.200-2023-2024-1-main\\COMP.SE.200-2023-2024-1-main\\src\\map.js","statementMap":{"0":{"start":{"line":20,"column":14},"end":{"line":20,"column":16}},"1":{"start":{"line":21,"column":17},"end":{"line":21,"column":49}},"2":{"start":{"line":22,"column":17},"end":{"line":22,"column":34}},"3":{"start":{"line":24,"column":2},"end":{"line":26,"column":3}},"4":{"start":{"line":25,"column":4},"end":{"line":25,"column":56}},"5":{"start":{"line":27,"column":2},"end":{"line":27,"column":15}}},"fnMap":{"0":{"name":"map","decl":{"start":{"line":19,"column":9},"end":{"line":19,"column":12}},"loc":{"start":{"line":19,"column":30},"end":{"line":28,"column":1}},"line":19}},"branchMap":{"0":{"loc":{"start":{"line":21,"column":17},"end":{"line":21,"column":49}},"type":"cond-expr","locations":[{"start":{"line":21,"column":33},"end":{"line":21,"column":34}},{"start":{"line":21,"column":37},"end":{"line":21,"column":49}}],"line":21}},"s":{"0":8,"1":8,"2":8,"3":8,"4":11,"5":8},"f":{"0":8},"b":{"0":[2,6]},"_coverageSchema":"1a1c01bbd47fc00a2c39e90264f33305004495a9","hash":"ffdddf6b77bd04a4423420029529c7e34f48dd30"}
,"D:\\SWC\\Software Testing\\Library\\COMP.SE.200-2023-2024-1-main\\COMP.SE.200-2023-2024-1-main\\src\\memoize.js": {"path":"D:\\SWC\\Software Testing\\Library\\COMP.SE.200-2023-2024-1-main\\COMP.SE.200-2023-2024-1-main\\src\\memoize.js","statementMap":{"0":{"start":{"line":44,"column":2},"end":{"line":46,"column":3}},"1":{"start":{"line":45,"column":4},"end":{"line":45,"column":46}},"2":{"start":{"line":47,"column":19},"end":{"line":57,"column":3}},"3":{"start":{"line":48,"column":16},"end":{"line":48,"column":63}},"4":{"start":{"line":49,"column":18},"end":{"line":49,"column":32}},"5":{"start":{"line":51,"column":4},"end":{"line":53,"column":5}},"6":{"start":{"line":52,"column":6},"end":{"line":52,"column":27}},"7":{"start":{"line":54,"column":19},"end":{"line":54,"column":41}},"8":{"start":{"line":55,"column":4},"end":{"line":55,"column":52}},"9":{"start":{"line":56,"column":4},"end":{"line":56,"column":17}},"10":{"start":{"line":58,"column":2},"end":{"line":58,"column":45}},"11":{"start":{"line":59,"column":2},"end":{"line":59,"column":17}},"12":{"start":{"line":62,"column":0},"end":{"line":62,"column":19}}},"fnMap":{"0":{"name":"memoize","decl":{"start":{"line":43,"column":9},"end":{"line":43,"column":16}},"loc":{"start":{"line":43,"column":33},"end":{"line":60,"column":1}},"line":43},"1":{"name":"(anonymous_1)","decl":{"start":{"line":47,"column":19},"end":{"line":47,"column":20}},"loc":{"start":{"line":47,"column":37},"end":{"line":57,"column":3}},"line":47}},"branchMap":{"0":{"loc":{"start":{"line":44,"column":2},"end":{"line":46,"column":3}},"type":"if","locations":[{"start":{"line":44,"column":2},"end":{"line":46,"column":3}},{"start":{},"end":{}}],"line":44},"1":{"loc":{"start":{"line":44,"column":6},"end":{"line":44,"column":88}},"type":"binary-expr","locations":[{"start":{"line":44,"column":6},"end":{"line":44,"column":32}},{"start":{"line":44,"column":37},"end":{"line":44,"column":53}},{"start":{"line":44,"column":57},"end":{"line":44,"column":87}}],"line":44},"2":{"loc":{"start":{"line":48,"column":16},"end":{"line":48,"column":63}},"type":"cond-expr","locations":[{"start":{"line":48,"column":27},"end":{"line":48,"column":53}},{"start":{"line":48,"column":56},"end":{"line":48,"column":63}}],"line":48},"3":{"loc":{"start":{"line":51,"column":4},"end":{"line":53,"column":5}},"type":"if","locations":[{"start":{"line":51,"column":4},"end":{"line":53,"column":5}},{"start":{},"end":{}}],"line":51},"4":{"loc":{"start":{"line":55,"column":21},"end":{"line":55,"column":52}},"type":"binary-expr","locations":[{"start":{"line":55,"column":21},"end":{"line":55,"column":43}},{"start":{"line":55,"column":47},"end":{"line":55,"column":52}}],"line":55},"5":{"loc":{"start":{"line":58,"column":24},"end":{"line":58,"column":44}},"type":"binary-expr","locations":[{"start":{"line":58,"column":24},"end":{"line":58,"column":37}},{"start":{"line":58,"column":41},"end":{"line":58,"column":44}}],"line":58}},"s":{"0":7,"1":2,"2":5,"3":7,"4":7,"5":7,"6":2,"7":5,"8":5,"9":5,"10":5,"11":5,"12":1},"f":{"0":7,"1":7},"b":{"0":[2,5],"1":[7,5,1],"2":[1,6],"3":[2,5],"4":[5,0],"5":[5,0]},"_coverageSchema":"1a1c01bbd47fc00a2c39e90264f33305004495a9","hash":"eb34be097a5a06949b8be8cc23f437ff78daee12"}
,"D:\\SWC\\Software Testing\\Library\\COMP.SE.200-2023-2024-1-main\\COMP.SE.200-2023-2024-1-main\\src\\slice.js": {"path":"D:\\SWC\\Software Testing\\Library\\COMP.SE.200-2023-2024-1-main\\COMP.SE.200-2023-2024-1-main\\src\\slice.js","statementMap":{"0":{"start":{"line":22,"column":15},"end":{"line":22,"column":47}},"1":{"start":{"line":23,"column":2},"end":{"line":25,"column":3}},"2":{"start":{"line":24,"column":4},"end":{"line":24,"column":13}},"3":{"start":{"line":26,"column":2},"end":{"line":26,"column":35}},"4":{"start":{"line":27,"column":2},"end":{"line":27,"column":40}},"5":{"start":{"line":29,"column":2},"end":{"line":31,"column":3}},"6":{"start":{"line":30,"column":4},"end":{"line":30,"column":50}},"7":{"start":{"line":32,"column":2},"end":{"line":34,"column":3}},"8":{"start":{"line":33,"column":4},"end":{"line":33,"column":17}},"9":{"start":{"line":35,"column":2},"end":{"line":35,"column":50}},"10":{"start":{"line":36,"column":2},"end":{"line":36,"column":14}},"11":{"start":{"line":38,"column":14},"end":{"line":38,"column":16}},"12":{"start":{"line":39,"column":17},"end":{"line":39,"column":34}},"13":{"start":{"line":40,"column":2},"end":{"line":42,"column":3}},"14":{"start":{"line":41,"column":4},"end":{"line":41,"column":40}},"15":{"start":{"line":43,"column":2},"end":{"line":43,"column":15}}},"fnMap":{"0":{"name":"slice","decl":{"start":{"line":21,"column":9},"end":{"line":21,"column":14}},"loc":{"start":{"line":21,"column":34},"end":{"line":44,"column":1}},"line":21}},"branchMap":{"0":{"loc":{"start":{"line":22,"column":15},"end":{"line":22,"column":47}},"type":"cond-expr","locations":[{"start":{"line":22,"column":31},"end":{"line":22,"column":32}},{"start":{"line":22,"column":35},"end":{"line":22,"column":47}}],"line":22},"1":{"loc":{"start":{"line":23,"column":2},"end":{"line":25,"column":3}},"type":"if","locations":[{"start":{"line":23,"column":2},"end":{"line":25,"column":3}},{"start":{},"end":{}}],"line":23},"2":{"loc":{"start":{"line":26,"column":10},"end":{"line":26,"column":35}},"type":"cond-expr","locations":[{"start":{"line":26,"column":26},"end":{"line":26,"column":27}},{"start":{"line":26,"column":30},"end":{"line":26,"column":35}}],"line":26},"3":{"loc":{"start":{"line":27,"column":8},"end":{"line":27,"column":40}},"type":"cond-expr","locations":[{"start":{"line":27,"column":28},"end":{"line":27,"column":34}},{"start":{"line":27,"column":37},"end":{"line":27,"column":40}}],"line":27},"4":{"loc":{"start":{"line":29,"column":2},"end":{"line":31,"column":3}},"type":"if","locations":[{"start":{"line":29,"column":2},"end":{"line":31,"column":3}},{"start":{},"end":{}}],"line":29},"5":{"loc":{"start":{"line":30,"column":12},"end":{"line":30,"column":50}},"type":"cond-expr","locations":[{"start":{"line":30,"column":30},"end":{"line":30,"column":31}},{"start":{"line":30,"column":35},"end":{"line":30,"column":49}}],"line":30},"6":{"loc":{"start":{"line":32,"column":2},"end":{"line":34,"column":3}},"type":"if","locations":[{"start":{"line":32,"column":2},"end":{"line":34,"column":3}},{"start":{},"end":{}}],"line":32},"7":{"loc":{"start":{"line":35,"column":11},"end":{"line":35,"column":50}},"type":"cond-expr","locations":[{"start":{"line":35,"column":25},"end":{"line":35,"column":26}},{"start":{"line":35,"column":30},"end":{"line":35,"column":49}}],"line":35}},"s":{"0":0,"1":0,"2":0,"3":0,"4":0,"5":0,"6":0,"7":0,"8":0,"9":0,"10":0,"11":0,"12":0,"13":0,"14":0,"15":0},"f":{"0":0},"b":{"0":[0,0],"1":[0,0],"2":[0,0],"3":[0,0],"4":[0,0],"5":[0,0],"6":[0,0],"7":[0,0]},"_coverageSchema":"1a1c01bbd47fc00a2c39e90264f33305004495a9","hash":"fab353963a9b65695d7bb4695cf3d6d0b13cf3d2"}
,"D:\\SWC\\Software Testing\\Library\\COMP.SE.200-2023-2024-1-main\\COMP.SE.200-2023-2024-1-main\\src\\upperFirst.js": {"path":"D:\\SWC\\Software Testing\\Library\\COMP.SE.200-2023-2024-1-main\\COMP.SE.200-2023-2024-1-main\\src\\upperFirst.js","statementMap":{"0":{"start":{"line":19,"column":19},"end":{"line":19,"column":49}}},"fnMap":{},"branchMap":{},"s":{"0":1},"f":{},"b":{},"_coverageSchema":"1a1c01bbd47fc00a2c39e90264f33305004495a9","hash":"4ee9deb3cbf83d49227a6b08a5b9f706677c778b"}
,"D:\\SWC\\Software Testing\\Library\\COMP.SE.200-2023-2024-1-main\\COMP.SE.200-2023-2024-1-main\\src\\words.js": {"path":"D:\\SWC\\Software Testing\\Library\\COMP.SE.200-2023-2024-1-main\\COMP.SE.200-2023-2024-1-main\\src\\words.js","statementMap":{"0":{"start":{"line":3,"column":23},"end":{"line":5,"column":1}},"1":{"start":{"line":8,"column":20},"end":{"line":8,"column":63}},"2":{"start":{"line":11,"column":2},"end":{"line":11,"column":34}},"3":{"start":{"line":31,"column":2},"end":{"line":34,"column":3}},"4":{"start":{"line":32,"column":19},"end":{"line":32,"column":85}},"5":{"start":{"line":33,"column":4},"end":{"line":33,"column":23}},"6":{"start":{"line":35,"column":2},"end":{"line":35,"column":36}}},"fnMap":{"0":{"name":"asciiWords","decl":{"start":{"line":10,"column":9},"end":{"line":10,"column":19}},"loc":{"start":{"line":10,"column":28},"end":{"line":12,"column":1}},"line":10},"1":{"name":"words","decl":{"start":{"line":30,"column":9},"end":{"line":30,"column":14}},"loc":{"start":{"line":30,"column":32},"end":{"line":36,"column":1}},"line":30}},"branchMap":{"0":{"loc":{"start":{"line":31,"column":2},"end":{"line":34,"column":3}},"type":"if","locations":[{"start":{"line":31,"column":2},"end":{"line":34,"column":3}},{"start":{},"end":{}}],"line":31},"1":{"loc":{"start":{"line":32,"column":19},"end":{"line":32,"column":85}},"type":"cond-expr","locations":[{"start":{"line":32,"column":44},"end":{"line":32,"column":64}},{"start":{"line":32,"column":67},"end":{"line":32,"column":85}}],"line":32},"2":{"loc":{"start":{"line":33,"column":11},"end":{"line":33,"column":23}},"type":"binary-expr","locations":[{"start":{"line":33,"column":11},"end":{"line":33,"column":17}},{"start":{"line":33,"column":21},"end":{"line":33,"column":23}}],"line":33},"3":{"loc":{"start":{"line":35,"column":9},"end":{"line":35,"column":36}},"type":"binary-expr","locations":[{"start":{"line":35,"column":9},"end":{"line":35,"column":30}},{"start":{"line":35,"column":34},"end":{"line":35,"column":36}}],"line":35}},"s":{"0":1,"1":1,"2":2,"3":6,"4":5,"5":5,"6":1},"f":{"0":2,"1":6},"b":{"0":[5,1],"1":[3,2],"2":[5,1],"3":[1,0]},"_coverageSchema":"1a1c01bbd47fc00a2c39e90264f33305004495a9","hash":"053e64622d6ae77d72facf15ef0777dc96367703"}
}
