TN:
SF:src\add.js
FN:16,(anonymous_0)
FNF:1
FNH:1
FNDA:8,(anonymous_0)
DA:16,8
LF:1
LH:1
BRF:0
BRH:0
end_of_record
TN:
SF:src\compact.js
FN:14,compact
FNF:1
FNH:1
FNDA:2,compact
DA:15,2
DA:16,2
DA:18,2
DA:19,6
DA:20,0
DA:23,2
LF:6
LH:5
BRDA:19,0,0,0
BRDA:19,0,1,6
BRF:2
BRH:1
end_of_record
TN:
SF:src\eq.js
FN:31,eq
FNF:1
FNH:1
FNDA:12,eq
DA:32,12
LF:1
LH:1
BRDA:32,0,0,12
BRDA:32,0,1,5
BRDA:32,0,2,1
BRF:3
BRH:3
end_of_record
TN:
SF:src\filter.js
FN:24,filter
FNF:1
FNH:1
FNDA:5,filter
DA:25,5
DA:26,5
DA:27,5
DA:28,5
DA:30,5
DA:31,10015
DA:32,10015
DA:33,8
DA:36,5
LF:9
LH:9
BRDA:27,0,0,0
BRDA:27,0,1,5
BRDA:32,1,0,8
BRDA:32,1,1,10007
BRF:4
BRH:3
end_of_record
TN:
SF:src\isArguments.js
FN:19,isArguments
FNF:1
FNH:1
FNDA:2,isArguments
DA:20,2
LF:1
LH:1
BRDA:20,0,0,2
BRDA:20,0,1,2
BRF:2
BRH:2
end_of_record
TN:
SF:src\isArrayLike.js
FN:26,isArrayLike
FNF:1
FNH:1
FNDA:18,isArrayLike
DA:27,18
LF:1
LH:1
BRDA:27,0,0,18
BRDA:27,0,1,18
BRDA:27,0,2,17
BRF:3
BRH:3
end_of_record
TN:
SF:src\isBoolean.js
FN:19,isBoolean
FNF:1
FNH:1
FNDA:23,isBoolean
DA:20,23
LF:1
LH:1
BRDA:20,0,0,23
BRDA:20,0,1,22
BRDA:20,0,2,21
BRDA:20,0,3,6
BRF:4
BRH:4
end_of_record
TN:
SF:src\isBuffer.js
FN:33,(anonymous_0)
FNF:1
FNH:0
FNDA:0,(anonymous_0)
DA:4,1
DA:7,1
DA:10,1
DA:13,1
DA:16,1
DA:33,1
LF:6
LH:6
BRDA:4,0,0,1
BRDA:4,0,1,1
BRDA:4,0,2,1
BRDA:4,0,3,1
BRDA:7,1,0,1
BRDA:7,1,1,1
BRDA:7,1,2,1
BRDA:7,1,3,1
BRDA:7,1,4,1
BRDA:10,2,0,1
BRDA:10,2,1,1
BRDA:13,3,0,1
BRDA:13,3,1,0
BRDA:16,4,0,1
BRDA:16,4,1,0
BRDA:33,5,0,1
BRDA:33,5,1,0
BRF:17
BRH:14
end_of_record
TN:
SF:src\isEmpty.js
FN:45,isEmpty
FNF:1
FNH:1
FNDA:20,isEmpty
DA:9,1
DA:46,20
DA:47,2
DA:49,18
DA:52,7
DA:54,11
DA:55,11
DA:56,4
DA:58,7
DA:59,0
DA:61,7
DA:62,1
DA:63,1
DA:66,6
LF:14
LH:13
BRDA:46,0,0,2
BRDA:46,0,1,18
BRDA:49,1,0,7
BRDA:49,1,1,11
BRDA:49,2,0,18
BRDA:49,2,1,7
BRDA:49,2,2,5
BRDA:49,2,3,2
BRDA:49,2,4,2
BRDA:49,2,5,2
BRDA:49,2,6,2
BRDA:55,3,0,4
BRDA:55,3,1,7
BRDA:55,4,0,11
BRDA:55,4,1,9
BRDA:58,5,0,0
BRDA:58,5,1,7
BRDA:62,6,0,1
BRDA:62,6,1,0
BRF:19
BRH:17
end_of_record
TN:
SF:src\isLength.js
FN:28,isLength
FNF:1
FNH:1
FNDA:17,isLength
DA:2,1
DA:29,17
LF:2
LH:2
BRDA:29,0,0,17
BRDA:29,0,1,7
BRDA:29,0,2,7
BRDA:29,0,3,7
BRF:4
BRH:4
end_of_record
TN:
SF:src\isObjectLike.js
FN:23,isObjectLike
FNF:1
FNH:1
FNDA:23,isObjectLike
DA:24,23
LF:1
LH:1
BRDA:24,0,0,23
BRDA:24,0,1,10
BRF:2
BRH:2
end_of_record
TN:
SF:src\isSymbol.js
FN:18,isSymbol
FNF:1
FNH:0
FNDA:0,isSymbol
DA:19,0
DA:20,0
LF:2
LH:0
BRDA:20,0,0,0
BRDA:20,0,1,0
BRDA:20,0,2,0
BRDA:20,0,3,0
BRF:4
BRH:0
end_of_record
TN:
SF:src\isTypedArray.js
FN:27,(anonymous_0)
FN:28,(anonymous_1)
FNF:2
FNH:1
FNDA:2,(anonymous_0)
FNDA:0,(anonymous_1)
DA:6,1
DA:9,1
DA:26,1
DA:27,2
DA:28,0
LF:5
LH:4
BRDA:9,0,0,1
BRDA:9,0,1,1
BRDA:26,1,0,1
BRDA:26,1,1,0
BRDA:28,2,0,0
BRDA:28,2,1,0
BRF:6
BRH:3
end_of_record
TN:
SF:src\map.js
FN:19,map
FNF:1
FNH:1
FNDA:8,map
DA:20,8
DA:21,8
DA:22,8
DA:24,8
DA:25,11
DA:27,8
LF:6
LH:6
BRDA:21,0,0,2
BRDA:21,0,1,6
BRF:2
BRH:2
end_of_record
TN:
SF:src\memoize.js
FN:43,memoize
FN:47,(anonymous_1)
FNF:2
FNH:2
FNDA:7,memoize
FNDA:7,(anonymous_1)
DA:44,7
DA:45,2
DA:47,5
DA:48,7
DA:49,7
DA:51,7
DA:52,2
DA:54,5
DA:55,5
DA:56,5
DA:58,5
DA:59,5
DA:62,1
LF:13
LH:13
BRDA:44,0,0,2
BRDA:44,0,1,5
BRDA:44,1,0,7
BRDA:44,1,1,5
BRDA:44,1,2,1
BRDA:48,2,0,1
BRDA:48,2,1,6
BRDA:51,3,0,2
BRDA:51,3,1,5
BRDA:55,4,0,5
BRDA:55,4,1,0
BRDA:58,5,0,5
BRDA:58,5,1,0
BRF:13
BRH:11
end_of_record
TN:
SF:src\slice.js
FN:21,slice
FNF:1
FNH:0
FNDA:0,slice
DA:22,0
DA:23,0
DA:24,0
DA:26,0
DA:27,0
DA:29,0
DA:30,0
DA:32,0
DA:33,0
DA:35,0
DA:36,0
DA:38,0
DA:39,0
DA:40,0
DA:41,0
DA:43,0
LF:16
LH:0
BRDA:22,0,0,0
BRDA:22,0,1,0
BRDA:23,1,0,0
BRDA:23,1,1,0
BRDA:26,2,0,0
BRDA:26,2,1,0
BRDA:27,3,0,0
BRDA:27,3,1,0
BRDA:29,4,0,0
BRDA:29,4,1,0
BRDA:30,5,0,0
BRDA:30,5,1,0
BRDA:32,6,0,0
BRDA:32,6,1,0
BRDA:35,7,0,0
BRDA:35,7,1,0
BRF:16
BRH:0
end_of_record
TN:
SF:src\upperFirst.js
FNF:0
FNH:0
DA:19,1
LF:1
LH:1
BRF:0
BRH:0
end_of_record
TN:
SF:src\words.js
FN:10,asciiWords
FN:30,words
FNF:2
FNH:2
FNDA:2,asciiWords
FNDA:6,words
DA:3,1
DA:8,1
DA:11,2
DA:31,6
DA:32,5
DA:33,5
DA:35,1
LF:7
LH:7
BRDA:31,0,0,5
BRDA:31,0,1,1
BRDA:32,1,0,3
BRDA:32,1,1,2
BRDA:33,2,0,5
BRDA:33,2,1,1
BRDA:35,3,0,1
BRDA:35,3,1,0
BRF:8
BRH:7
end_of_record
